                              1 ;--------------------------------------------------------
                              2 ; File Created by SDCC : FreeWare ANSI-C Compiler
                              3 ; Version 2.6.0 #4309 (Sep 29 2006)
                              4 ; This file generated Thu Jan 18 08:48:15 2007
                              5 ;--------------------------------------------------------
                              6 	.module ledglow
                              7 	.optsdcc -mmcs51 --model-small
                              8 	
                              9 ;--------------------------------------------------------
                             10 ; Public variables in this module
                             11 ;--------------------------------------------------------
                             12 	.globl _main
                             13 	.globl _CY
                             14 	.globl _AC
                             15 	.globl _F0
                             16 	.globl _RS1
                             17 	.globl _RS0
                             18 	.globl _OV
                             19 	.globl _FL
                             20 	.globl _P
                             21 	.globl _TF2
                             22 	.globl _EXF2
                             23 	.globl _RCLK
                             24 	.globl _TCLK
                             25 	.globl _EXEN2
                             26 	.globl _TR2
                             27 	.globl _C_T2
                             28 	.globl _CP_RL2
                             29 	.globl _T2CON_7
                             30 	.globl _T2CON_6
                             31 	.globl _T2CON_5
                             32 	.globl _T2CON_4
                             33 	.globl _T2CON_3
                             34 	.globl _T2CON_2
                             35 	.globl _T2CON_1
                             36 	.globl _T2CON_0
                             37 	.globl _PT2
                             38 	.globl _PS
                             39 	.globl _PT1
                             40 	.globl _PX1
                             41 	.globl _PT0
                             42 	.globl _PX0
                             43 	.globl _RD
                             44 	.globl _WR
                             45 	.globl _T1
                             46 	.globl _T0
                             47 	.globl _INT1
                             48 	.globl _INT0
                             49 	.globl _TXD
                             50 	.globl _RXD
                             51 	.globl _P3_7
                             52 	.globl _P3_6
                             53 	.globl _P3_5
                             54 	.globl _P3_4
                             55 	.globl _P3_3
                             56 	.globl _P3_2
                             57 	.globl _P3_1
                             58 	.globl _P3_0
                             59 	.globl _EA
                             60 	.globl _ET2
                             61 	.globl _ES
                             62 	.globl _ET1
                             63 	.globl _EX1
                             64 	.globl _ET0
                             65 	.globl _EX0
                             66 	.globl _P2_7
                             67 	.globl _P2_6
                             68 	.globl _P2_5
                             69 	.globl _P2_4
                             70 	.globl _P2_3
                             71 	.globl _P2_2
                             72 	.globl _P2_1
                             73 	.globl _P2_0
                             74 	.globl _SM0
                             75 	.globl _SM1
                             76 	.globl _SM2
                             77 	.globl _REN
                             78 	.globl _TB8
                             79 	.globl _RB8
                             80 	.globl _TI
                             81 	.globl _RI
                             82 	.globl _T2EX
                             83 	.globl _T2
                             84 	.globl _P1_7
                             85 	.globl _P1_6
                             86 	.globl _P1_5
                             87 	.globl _P1_4
                             88 	.globl _P1_3
                             89 	.globl _P1_2
                             90 	.globl _P1_1
                             91 	.globl _P1_0
                             92 	.globl _TF1
                             93 	.globl _TR1
                             94 	.globl _TF0
                             95 	.globl _TR0
                             96 	.globl _IE1
                             97 	.globl _IT1
                             98 	.globl _IE0
                             99 	.globl _IT0
                            100 	.globl _P0_7
                            101 	.globl _P0_6
                            102 	.globl _P0_5
                            103 	.globl _P0_4
                            104 	.globl _P0_3
                            105 	.globl _P0_2
                            106 	.globl _P0_1
                            107 	.globl _P0_0
                            108 	.globl _B
                            109 	.globl _A
                            110 	.globl _ACC
                            111 	.globl _PSW
                            112 	.globl _TH2
                            113 	.globl _TL2
                            114 	.globl _RCAP2H
                            115 	.globl _RCAP2L
                            116 	.globl _T2MOD
                            117 	.globl _T2CON
                            118 	.globl _IP
                            119 	.globl _P3
                            120 	.globl _IE
                            121 	.globl _P2
                            122 	.globl _SBUF
                            123 	.globl _SCON
                            124 	.globl _P1
                            125 	.globl _TH1
                            126 	.globl _TH0
                            127 	.globl _TL1
                            128 	.globl _TL0
                            129 	.globl _TMOD
                            130 	.globl _TCON
                            131 	.globl _PCON
                            132 	.globl _DPH
                            133 	.globl _DPL
                            134 	.globl _SP
                            135 	.globl _P0
                            136 ;--------------------------------------------------------
                            137 ; special function registers
                            138 ;--------------------------------------------------------
                            139 	.area RSEG    (DATA)
                    0080    140 _P0	=	0x0080
                    0081    141 _SP	=	0x0081
                    0082    142 _DPL	=	0x0082
                    0083    143 _DPH	=	0x0083
                    0087    144 _PCON	=	0x0087
                    0088    145 _TCON	=	0x0088
                    0089    146 _TMOD	=	0x0089
                    008A    147 _TL0	=	0x008a
                    008B    148 _TL1	=	0x008b
                    008C    149 _TH0	=	0x008c
                    008D    150 _TH1	=	0x008d
                    0090    151 _P1	=	0x0090
                    0098    152 _SCON	=	0x0098
                    0099    153 _SBUF	=	0x0099
                    00A0    154 _P2	=	0x00a0
                    00A8    155 _IE	=	0x00a8
                    00B0    156 _P3	=	0x00b0
                    00B8    157 _IP	=	0x00b8
                    00C8    158 _T2CON	=	0x00c8
                    00C9    159 _T2MOD	=	0x00c9
                    00CA    160 _RCAP2L	=	0x00ca
                    00CB    161 _RCAP2H	=	0x00cb
                    00CC    162 _TL2	=	0x00cc
                    00CD    163 _TH2	=	0x00cd
                    00D0    164 _PSW	=	0x00d0
                    00E0    165 _ACC	=	0x00e0
                    00E0    166 _A	=	0x00e0
                    00F0    167 _B	=	0x00f0
                            168 ;--------------------------------------------------------
                            169 ; special function bits
                            170 ;--------------------------------------------------------
                            171 	.area RSEG    (DATA)
                    0080    172 _P0_0	=	0x0080
                    0081    173 _P0_1	=	0x0081
                    0082    174 _P0_2	=	0x0082
                    0083    175 _P0_3	=	0x0083
                    0084    176 _P0_4	=	0x0084
                    0085    177 _P0_5	=	0x0085
                    0086    178 _P0_6	=	0x0086
                    0087    179 _P0_7	=	0x0087
                    0088    180 _IT0	=	0x0088
                    0089    181 _IE0	=	0x0089
                    008A    182 _IT1	=	0x008a
                    008B    183 _IE1	=	0x008b
                    008C    184 _TR0	=	0x008c
                    008D    185 _TF0	=	0x008d
                    008E    186 _TR1	=	0x008e
                    008F    187 _TF1	=	0x008f
                    0090    188 _P1_0	=	0x0090
                    0091    189 _P1_1	=	0x0091
                    0092    190 _P1_2	=	0x0092
                    0093    191 _P1_3	=	0x0093
                    0094    192 _P1_4	=	0x0094
                    0095    193 _P1_5	=	0x0095
                    0096    194 _P1_6	=	0x0096
                    0097    195 _P1_7	=	0x0097
                    0090    196 _T2	=	0x0090
                    0091    197 _T2EX	=	0x0091
                    0098    198 _RI	=	0x0098
                    0099    199 _TI	=	0x0099
                    009A    200 _RB8	=	0x009a
                    009B    201 _TB8	=	0x009b
                    009C    202 _REN	=	0x009c
                    009D    203 _SM2	=	0x009d
                    009E    204 _SM1	=	0x009e
                    009F    205 _SM0	=	0x009f
                    00A0    206 _P2_0	=	0x00a0
                    00A1    207 _P2_1	=	0x00a1
                    00A2    208 _P2_2	=	0x00a2
                    00A3    209 _P2_3	=	0x00a3
                    00A4    210 _P2_4	=	0x00a4
                    00A5    211 _P2_5	=	0x00a5
                    00A6    212 _P2_6	=	0x00a6
                    00A7    213 _P2_7	=	0x00a7
                    00A8    214 _EX0	=	0x00a8
                    00A9    215 _ET0	=	0x00a9
                    00AA    216 _EX1	=	0x00aa
                    00AB    217 _ET1	=	0x00ab
                    00AC    218 _ES	=	0x00ac
                    00AD    219 _ET2	=	0x00ad
                    00AF    220 _EA	=	0x00af
                    00B0    221 _P3_0	=	0x00b0
                    00B1    222 _P3_1	=	0x00b1
                    00B2    223 _P3_2	=	0x00b2
                    00B3    224 _P3_3	=	0x00b3
                    00B4    225 _P3_4	=	0x00b4
                    00B5    226 _P3_5	=	0x00b5
                    00B6    227 _P3_6	=	0x00b6
                    00B7    228 _P3_7	=	0x00b7
                    00B0    229 _RXD	=	0x00b0
                    00B1    230 _TXD	=	0x00b1
                    00B2    231 _INT0	=	0x00b2
                    00B3    232 _INT1	=	0x00b3
                    00B4    233 _T0	=	0x00b4
                    00B5    234 _T1	=	0x00b5
                    00B6    235 _WR	=	0x00b6
                    00B7    236 _RD	=	0x00b7
                    00B8    237 _PX0	=	0x00b8
                    00B9    238 _PT0	=	0x00b9
                    00BA    239 _PX1	=	0x00ba
                    00BB    240 _PT1	=	0x00bb
                    00BC    241 _PS	=	0x00bc
                    00BD    242 _PT2	=	0x00bd
                    00C8    243 _T2CON_0	=	0x00c8
                    00C9    244 _T2CON_1	=	0x00c9
                    00CA    245 _T2CON_2	=	0x00ca
                    00CB    246 _T2CON_3	=	0x00cb
                    00CC    247 _T2CON_4	=	0x00cc
                    00CD    248 _T2CON_5	=	0x00cd
                    00CE    249 _T2CON_6	=	0x00ce
                    00CF    250 _T2CON_7	=	0x00cf
                    00C8    251 _CP_RL2	=	0x00c8
                    00C9    252 _C_T2	=	0x00c9
                    00CA    253 _TR2	=	0x00ca
                    00CB    254 _EXEN2	=	0x00cb
                    00CC    255 _TCLK	=	0x00cc
                    00CD    256 _RCLK	=	0x00cd
                    00CE    257 _EXF2	=	0x00ce
                    00CF    258 _TF2	=	0x00cf
                    00D0    259 _P	=	0x00d0
                    00D1    260 _FL	=	0x00d1
                    00D2    261 _OV	=	0x00d2
                    00D3    262 _RS0	=	0x00d3
                    00D4    263 _RS1	=	0x00d4
                    00D5    264 _F0	=	0x00d5
                    00D6    265 _AC	=	0x00d6
                    00D7    266 _CY	=	0x00d7
                            267 ;--------------------------------------------------------
                            268 ; overlayable register banks
                            269 ;--------------------------------------------------------
                            270 	.area REG_BANK_0	(REL,OVR,DATA)
   0000                     271 	.ds 8
                            272 ;--------------------------------------------------------
                            273 ; internal ram data
                            274 ;--------------------------------------------------------
                            275 	.area DSEG    (DATA)
                            276 ;--------------------------------------------------------
                            277 ; overlayable items in internal ram 
                            278 ;--------------------------------------------------------
                            279 	.area OSEG    (OVR,DATA)
                            280 ;--------------------------------------------------------
                            281 ; Stack segment in internal ram 
                            282 ;--------------------------------------------------------
                            283 	.area	SSEG	(DATA)
   0000                     284 __start__stack:
   0000                     285 	.ds	1
                            286 
                            287 ;--------------------------------------------------------
                            288 ; indirectly addressable internal ram data
                            289 ;--------------------------------------------------------
                            290 	.area ISEG    (DATA)
                            291 ;--------------------------------------------------------
                            292 ; bit data
                            293 ;--------------------------------------------------------
                            294 	.area BSEG    (BIT)
                            295 ;--------------------------------------------------------
                            296 ; paged external ram data
                            297 ;--------------------------------------------------------
                            298 	.area PSEG    (PAG,XDATA)
                            299 ;--------------------------------------------------------
                            300 ; external ram data
                            301 ;--------------------------------------------------------
                            302 	.area XSEG    (XDATA)
                            303 ;--------------------------------------------------------
                            304 ; external initialized ram data
                            305 ;--------------------------------------------------------
                            306 	.area XISEG   (XDATA)
                            307 	.area HOME    (CODE)
                            308 	.area GSINIT0 (CODE)
                            309 	.area GSINIT1 (CODE)
                            310 	.area GSINIT2 (CODE)
                            311 	.area GSINIT3 (CODE)
                            312 	.area GSINIT4 (CODE)
                            313 	.area GSINIT5 (CODE)
                            314 	.area GSINIT  (CODE)
                            315 	.area GSFINAL (CODE)
                            316 	.area CSEG    (CODE)
                            317 ;--------------------------------------------------------
                            318 ; interrupt vector 
                            319 ;--------------------------------------------------------
                            320 	.area HOME    (CODE)
   0000                     321 __interrupt_vect:
   0000 02s00r00            322 	ljmp	__sdcc_gsinit_startup
                            323 ;--------------------------------------------------------
                            324 ; global & static initialisations
                            325 ;--------------------------------------------------------
                            326 	.area HOME    (CODE)
                            327 	.area GSINIT  (CODE)
                            328 	.area GSFINAL (CODE)
                            329 	.area GSINIT  (CODE)
                            330 	.globl __sdcc_gsinit_startup
                            331 	.globl __sdcc_program_startup
                            332 	.globl __start__stack
                            333 	.globl __mcs51_genXINIT
                            334 	.globl __mcs51_genXRAMCLEAR
                            335 	.globl __mcs51_genRAMCLEAR
                            336 	.area GSFINAL (CODE)
   0000 02s00r00            337 	ljmp	__sdcc_program_startup
                            338 ;--------------------------------------------------------
                            339 ; Home
                            340 ;--------------------------------------------------------
                            341 	.area HOME    (CODE)
                            342 	.area CSEG    (CODE)
   0000                     343 __sdcc_program_startup:
   0000 12s00r05            344 	lcall	_main
                            345 ;	return from main will lock up
   0003 80 FE               346 	sjmp .
                            347 ;--------------------------------------------------------
                            348 ; code
                            349 ;--------------------------------------------------------
                            350 	.area CSEG    (CODE)
                            351 ;------------------------------------------------------------
                            352 ;Allocation info for local variables in function 'main'
                            353 ;------------------------------------------------------------
                            354 ;------------------------------------------------------------
                            355 ;	ledglow.c:3: int main()
                            356 ;	-----------------------------------------
                            357 ;	 function main
                            358 ;	-----------------------------------------
   0005                     359 _main:
                    0002    360 	ar2 = 0x02
                    0003    361 	ar3 = 0x03
                    0004    362 	ar4 = 0x04
                    0005    363 	ar5 = 0x05
                    0006    364 	ar6 = 0x06
                    0007    365 	ar7 = 0x07
                    0000    366 	ar0 = 0x00
                    0001    367 	ar1 = 0x01
                            368 ;	ledglow.c:5: while(1)
   0005                     369 00107$:
                            370 ;	ledglow.c:7: P0 = P3;
                            371 ;	genAssign
   0005 85 B0 80            372 	mov	_P0,_P3
                            373 ;	ledglow.c:8: if(P3 != 0)
                            374 ;	genCmpEq
                            375 ;	gencjneshort
   0008 E5 B0               376 	mov	a,_P3
                            377 ;	Peephole 108.c	removed ljmp by inverse jump logic
   000A 60 F9               378 	jz	00107$
                            379 ;	Peephole 300	removed redundant label 00113$
                            380 ;	ledglow.c:10: while(1)
   000C                     381 00102$:
                            382 ;	ledglow.c:12: P0 = P3;
                            383 ;	genAssign
   000C 85 B0 80            384 	mov	_P0,_P3
                            385 ;	Peephole 112.b	changed ljmp to sjmp
   000F 80 FB               386 	sjmp	00102$
                            387 ;	Peephole 259.a	removed redundant label 00109$ and ret
                            388 ;
                            389 	.area CSEG    (CODE)
                            390 	.area CONST   (CODE)
                            391 	.area XINIT   (CODE)
